<?xml version="1.0" encoding="UTF-8"?>
<!-- Generated by org.testng.reporters.JUnitXMLReporter -->
<testsuite hostname="MANISH-PC" ignored="0" name="Default test" tests="2" failures="0" timestamp="10 Jul 2020 10:52:23 GMT" time="158.057" errors="0">
  <testcase name="@BeforeMethod startBrowser" time="17.36" classname="generics.BaseTest">
    <failure type="org.openqa.selenium.SessionNotCreatedException" message="session not created
from disconnected: Unable to receive message from renderer
  (Session info: chrome=83.0.4103.116)
Build info: version: &amp;apos;3.11.0&amp;apos;, revision: &amp;apos;e59cfb3&amp;apos;, time: &amp;apos;2018-03-11T20:33:15.31Z&amp;apos;
System info: host: &amp;apos;MANISH-PC&amp;apos;, ip: &amp;apos;192.168.43.35&amp;apos;, os.name: &amp;apos;Windows 7&amp;apos;, os.arch: &amp;apos;x86&amp;apos;, os.version: &amp;apos;6.1&amp;apos;, java.version: &amp;apos;1.8.0_221&amp;apos;
Driver info: driver.version: ChromeDriver
remote stacktrace: Backtrace:
	Ordinal0 [0x01069563+2725219]
	Ordinal0 [0x00F68551+1672529]
	Ordinal0 [0x00E50359+525145]
	Ordinal0 [0x00E47AC7+490183]
	Ordinal0 [0x00E46EFE+487166]
	Ordinal0 [0x00E47135+487733]
	Ordinal0 [0x00E46B75+486261]
	Ordinal0 [0x00E4F055+520277]
	Ordinal0 [0x00E46B32+486194]
	Ordinal0 [0x00E47739+489273]
	Ordinal0 [0x00E46EFE+487166]
	Ordinal0 [0x00E47135+487733]
	Ordinal0 [0x00E46B75+486261]
	Ordinal0 [0x00E4D83E+514110]
	Ordinal0 [0x00E46B32+486194]
	Ordinal0 [0x00E47739+489273]
	Ordinal0 [0x00E46EFE+487166]
	Ordinal0 [0x00E47135+487733]
	Ordinal0 [0x00E46B75+486261]
	Ordinal0 [0x00E4BBF6+506870]
	Ordinal0 [0x00E46B32+486194]
	Ordinal0 [0x00E47739+489273]
	Ordinal0 [0x00E46EFE+487166]
	Ordinal0 [0x00E47135+487733]
	Ordinal0 [0x00E46B75+486261]
	Ordinal0 [0x00E4B1B7+504247]
	Ordinal0 [0x00E46B32+486194]
	Ordinal0 [0x00E47739+489273]
	Ordinal0 [0x00E46EFE+487166]
	Ordinal0 [0x00E47135+487733]
	Ordinal0 [0x00E46B75+486261]
	Ordinal0 [0x00E4337C+471932]
	Ordinal0 [0x00E46B32+486194]
	Ordinal0 [0x00E46A87+486023]
	Ordinal0 [0x00E50FF0+528368]
	Ordinal0 [0x00DFD6C9+186057]
	Ordinal0 [0x00DFCA3D+182845]
	Ordinal0 [0x00DFA94B+174411]
	Ordinal0 [0x00DE2528+75048]
	Ordinal0 [0x00DE35A0+79264]
	Ordinal0 [0x00DE3539+79161]
	Ordinal0 [0x00F7D607+1758727]
	GetHandleVerifier [0x01186546+1050150]
	GetHandleVerifier [0x01186291+1049457]
	GetHandleVerifier [0x011910D7+1094071]
	GetHandleVerifier [0x01186B46+1051686]
	Ordinal0 [0x00F75B06+1727238]
	Ordinal0 [0x00F7EB7B+1764219]
	Ordinal0 [0x00F7ECE3+1764579]
	Ordinal0 [0x00F94C05+1854469]
	BaseThreadInitThunk [0x76D21174+18]
	RtlInitializeExceptionChain [0x7701B3F5+99]
	RtlInitializeExceptionChain [0x7701B3C8+54]
">
      <![CDATA[org.openqa.selenium.SessionNotCreatedException: session not created
from disconnected: Unable to receive message from renderer
  (Session info: chrome=83.0.4103.116)
Build info: version: '3.11.0', revision: 'e59cfb3', time: '2018-03-11T20:33:15.31Z'
System info: host: 'MANISH-PC', ip: '192.168.43.35', os.name: 'Windows 7', os.arch: 'x86', os.version: '6.1', java.version: '1.8.0_221'
Driver info: driver.version: ChromeDriver
remote stacktrace: Backtrace:
Ordinal0 [0x01069563+2725219]
Ordinal0 [0x00F68551+1672529]
Ordinal0 [0x00E50359+525145]
Ordinal0 [0x00E47AC7+490183]
Ordinal0 [0x00E46EFE+487166]
Ordinal0 [0x00E47135+487733]
Ordinal0 [0x00E46B75+486261]
Ordinal0 [0x00E4F055+520277]
Ordinal0 [0x00E46B32+486194]
Ordinal0 [0x00E47739+489273]
Ordinal0 [0x00E46EFE+487166]
Ordinal0 [0x00E47135+487733]
Ordinal0 [0x00E46B75+486261]
Ordinal0 [0x00E4D83E+514110]
Ordinal0 [0x00E46B32+486194]
Ordinal0 [0x00E47739+489273]
Ordinal0 [0x00E46EFE+487166]
Ordinal0 [0x00E47135+487733]
Ordinal0 [0x00E46B75+486261]
Ordinal0 [0x00E4BBF6+506870]
Ordinal0 [0x00E46B32+486194]
Ordinal0 [0x00E47739+489273]
Ordinal0 [0x00E46EFE+487166]
Ordinal0 [0x00E47135+487733]
Ordinal0 [0x00E46B75+486261]
Ordinal0 [0x00E4B1B7+504247]
Ordinal0 [0x00E46B32+486194]
Ordinal0 [0x00E47739+489273]
Ordinal0 [0x00E46EFE+487166]
Ordinal0 [0x00E47135+487733]
Ordinal0 [0x00E46B75+486261]
Ordinal0 [0x00E4337C+471932]
Ordinal0 [0x00E46B32+486194]
Ordinal0 [0x00E46A87+486023]
Ordinal0 [0x00E50FF0+528368]
Ordinal0 [0x00DFD6C9+186057]
Ordinal0 [0x00DFCA3D+182845]
Ordinal0 [0x00DFA94B+174411]
Ordinal0 [0x00DE2528+75048]
Ordinal0 [0x00DE35A0+79264]
Ordinal0 [0x00DE3539+79161]
Ordinal0 [0x00F7D607+1758727]
GetHandleVerifier [0x01186546+1050150]
GetHandleVerifier [0x01186291+1049457]
GetHandleVerifier [0x011910D7+1094071]
GetHandleVerifier [0x01186B46+1051686]
Ordinal0 [0x00F75B06+1727238]
Ordinal0 [0x00F7EB7B+1764219]
Ordinal0 [0x00F7ECE3+1764579]
Ordinal0 [0x00F94C05+1854469]
BaseThreadInitThunk [0x76D21174+18]
RtlInitializeExceptionChain [0x7701B3F5+99]
RtlInitializeExceptionChain [0x7701B3C8+54]

at sun.reflect.NativeConstructorAccessorImpl.newInstance0(Native Method)
at sun.reflect.NativeConstructorAccessorImpl.newInstance(NativeConstructorAccessorImpl.java:62)
at sun.reflect.DelegatingConstructorAccessorImpl.newInstance(DelegatingConstructorAccessorImpl.java:45)
at java.lang.reflect.Constructor.newInstance(Constructor.java:423)
at org.openqa.selenium.remote.W3CHandshakeResponse.lambda$new$0(W3CHandshakeResponse.java:57)
at org.openqa.selenium.remote.W3CHandshakeResponse.lambda$getResponseFunction$2(W3CHandshakeResponse.java:104)
at org.openqa.selenium.remote.ProtocolHandshake.lambda$createSession$0(ProtocolHandshake.java:123)
at java.util.stream.ReferencePipeline$3$1.accept(ReferencePipeline.java:193)
at java.util.Spliterators$ArraySpliterator.tryAdvance(Spliterators.java:958)
at java.util.stream.ReferencePipeline.forEachWithCancel(ReferencePipeline.java:126)
at java.util.stream.AbstractPipeline.copyIntoWithCancel(AbstractPipeline.java:499)
at java.util.stream.AbstractPipeline.copyInto(AbstractPipeline.java:486)
at java.util.stream.AbstractPipeline.wrapAndCopyInto(AbstractPipeline.java:472)
at java.util.stream.FindOps$FindOp.evaluateSequential(FindOps.java:152)
at java.util.stream.AbstractPipeline.evaluate(AbstractPipeline.java:234)
at java.util.stream.ReferencePipeline.findFirst(ReferencePipeline.java:464)
at org.openqa.selenium.remote.ProtocolHandshake.createSession(ProtocolHandshake.java:126)
at org.openqa.selenium.remote.ProtocolHandshake.createSession(ProtocolHandshake.java:73)
at org.openqa.selenium.remote.HttpCommandExecutor.execute(HttpCommandExecutor.java:136)
at org.openqa.selenium.remote.service.DriverCommandExecutor.execute(DriverCommandExecutor.java:83)
at org.openqa.selenium.remote.RemoteWebDriver.execute(RemoteWebDriver.java:545)
at org.openqa.selenium.remote.RemoteWebDriver.startSession(RemoteWebDriver.java:209)
at org.openqa.selenium.remote.RemoteWebDriver.<init>(RemoteWebDriver.java:132)
at org.openqa.selenium.chrome.ChromeDriver.<init>(ChromeDriver.java:181)
at org.openqa.selenium.chrome.ChromeDriver.<init>(ChromeDriver.java:168)
at org.openqa.selenium.chrome.ChromeDriver.<init>(ChromeDriver.java:123)
at generics.BaseTest.startBrowser(BaseTest.java:24)
at sun.reflect.NativeMethodAccessorImpl.invoke0(Native Method)
at sun.reflect.NativeMethodAccessorImpl.invoke(NativeMethodAccessorImpl.java:62)
at sun.reflect.DelegatingMethodAccessorImpl.invoke(DelegatingMethodAccessorImpl.java:43)
at java.lang.reflect.Method.invoke(Method.java:498)
at org.testng.internal.MethodInvocationHelper.invokeMethod(MethodInvocationHelper.java:124)
at org.testng.internal.MethodInvocationHelper.invokeMethodConsideringTimeout(MethodInvocationHelper.java:59)
at org.testng.internal.Invoker.invokeConfigurationMethod(Invoker.java:458)
at org.testng.internal.Invoker.invokeConfigurations(Invoker.java:222)
at org.testng.internal.Invoker.invokeMethod(Invoker.java:523)
at org.testng.internal.Invoker.invokeTestMethod(Invoker.java:719)
at org.testng.internal.Invoker.invokeTestMethods(Invoker.java:989)
at org.testng.internal.TestMethodWorker.invokeTestMethods(TestMethodWorker.java:125)
at org.testng.internal.TestMethodWorker.run(TestMethodWorker.java:109)
at org.testng.TestRunner.privateRun(TestRunner.java:648)
at org.testng.TestRunner.run(TestRunner.java:505)
at org.testng.SuiteRunner.runTest(SuiteRunner.java:455)
at org.testng.SuiteRunner.runSequentially(SuiteRunner.java:450)
at org.testng.SuiteRunner.privateRun(SuiteRunner.java:415)
at org.testng.SuiteRunner.run(SuiteRunner.java:364)
at org.testng.SuiteRunnerWorker.runSuite(SuiteRunnerWorker.java:52)
at org.testng.SuiteRunnerWorker.run(SuiteRunnerWorker.java:84)
at org.testng.TestNG.runSuitesSequentially(TestNG.java:1208)
at org.testng.TestNG.runSuitesLocally(TestNG.java:1137)
at org.testng.TestNG.runSuites(TestNG.java:1049)
at org.testng.TestNG.run(TestNG.java:1017)
at org.testng.remote.AbstractRemoteTestNG.run(AbstractRemoteTestNG.java:114)
at org.testng.remote.RemoteTestNG.initAndRun(RemoteTestNG.java:251)
at org.testng.remote.RemoteTestNG.main(RemoteTestNG.java:77)
]]>
    </failure>
  </testcase> <!-- @BeforeMethod startBrowser -->
  <testcase name="@BeforeMethod login" time="0.0" classname="generics.BaseTest">
    <skipped/>
  </testcase> <!-- @BeforeMethod login -->
  <testcase name="createWorkAptitime" time="50.155" classname="test.TestActitime"/>
  <testcase name="editCustomer" time="0.0" classname="test.TestActitime">
    <skipped/>
  </testcase> <!-- editCustomer -->
</testsuite> <!-- Default test -->
