<html>
<head>
<title>TestNG:  Default test</title>
<link href="../testng.css" rel="stylesheet" type="text/css" />
<link href="../my-testng.css" rel="stylesheet" type="text/css" />

<style type="text/css">
.log { display: none;} 
.stack-trace { display: none;} 
</style>
<script type="text/javascript">
<!--
function flip(e) {
  current = e.style.display;
  if (current == 'block') {
    e.style.display = 'none';
    return 0;
  }
  else {
    e.style.display = 'block';
    return 1;
  }
}

function toggleBox(szDivId, elem, msg1, msg2)
{
  var res = -1;  if (document.getElementById) {
    res = flip(document.getElementById(szDivId));
  }
  else if (document.all) {
    // this is the way old msie versions work
    res = flip(document.all[szDivId]);
  }
  if(elem) {
    if(res == 0) elem.innerHTML = msg1; else elem.innerHTML = msg2;
  }

}

function toggleAllBoxes() {
  if (document.getElementsByTagName) {
    d = document.getElementsByTagName('div');
    for (i = 0; i < d.length; i++) {
      if (d[i].className == 'log') {
        flip(d[i]);
      }
    }
  }
}

// -->
</script>

</head>
<body>
<h2 align='center'>Default test</h2><table border='1' align="center">
<tr>
<td>Tests passed/Failed/Skipped:</td><td>1/0/1</td>
</tr><tr>
<td>Started on:</td><td>Fri Jul 10 16:19:43 IST 2020</td>
</tr>
<tr><td>Total time:</td><td>158 seconds (158057 ms)</td>
</tr><tr>
<td>Included groups:</td><td></td>
</tr><tr>
<td>Excluded groups:</td><td></td>
</tr>
</table><p/>
<small><i>(Hover the method name to see the test class name)</i></small><p/>
<table width='100%' border='1' class='invocation-failed'>
<tr><td colspan='4' align='center'><b>FAILED CONFIGURATIONS</b></td></tr>
<tr><td><b>Test method</b></td>
<td width="30%"><b>Exception</b></td>
<td width="10%"><b>Time (seconds)</b></td>
<td><b>Instance</b></td>
</tr>
<tr>
<td title='test.TestActitime.startBrowser()'><b>startBrowser</b><br>Test class: test.TestActitime</td>
<td><div><pre>org.openqa.selenium.SessionNotCreatedException: session not created
from disconnected: Unable to receive message from renderer
  (Session info: chrome=83.0.4103.116)
Build info: version: &apos;3.11.0&apos;, revision: &apos;e59cfb3&apos;, time: &apos;2018-03-11T20:33:15.31Z&apos;
System info: host: &apos;MANISH-PC&apos;, ip: &apos;192.168.43.35&apos;, os.name: &apos;Windows 7&apos;, os.arch: &apos;x86&apos;, os.version: &apos;6.1&apos;, java.version: &apos;1.8.0_221&apos;
Driver info: driver.version: ChromeDriver
remote stacktrace: Backtrace:
	Ordinal0 [0x01069563+2725219]
	Ordinal0 [0x00F68551+1672529]
	Ordinal0 [0x00E50359+525145]
	Ordinal0 [0x00E47AC7+490183]
	Ordinal0 [0x00E46EFE+487166]
	Ordinal0 [0x00E47135+487733]
	Ordinal0 [0x00E46B75+486261]
	Ordinal0 [0x00E4F055+520277]
	Ordinal0 [0x00E46B32+486194]
	Ordinal0 [0x00E47739+489273]
	Ordinal0 [0x00E46EFE+487166]
	Ordinal0 [0x00E47135+487733]
	Ordinal0 [0x00E46B75+486261]
	Ordinal0 [0x00E4D83E+514110]
	Ordinal0 [0x00E46B32+486194]
	Ordinal0 [0x00E47739+489273]
	Ordinal0 [0x00E46EFE+487166]
	Ordinal0 [0x00E47135+487733]
	Ordinal0 [0x00E46B75+486261]
	Ordinal0 [0x00E4BBF6+506870]
	Ordinal0 [0x00E46B32+486194]
	Ordinal0 [0x00E47739+489273]
	Ordinal0 [0x00E46EFE+487166]
	Ordinal0 [0x00E47135+487733]
	Ordinal0 [0x00E46B75+486261]
	Ordinal0 [0x00E4B1B7+504247]
	Ordinal0 [0x00E46B32+486194]
	Ordinal0 [0x00E47739+489273]
	Ordinal0 [0x00E46EFE+487166]
	Ordinal0 [0x00E47135+487733]
	Ordinal0 [0x00E46B75+486261]
	Ordinal0 [0x00E4337C+471932]
	Ordinal0 [0x00E46B32+486194]
	Ordinal0 [0x00E46A87+486023]
	Ordinal0 [0x00E50FF0+528368]
	Ordinal0 [0x00DFD6C9+186057]
	Ordinal0 [0x00DFCA3D+182845]
	Ordinal0 [0x00DFA94B+174411]
	Ordinal0 [0x00DE2528+75048]
	Ordinal0 [0x00DE35A0+79264]
	Ordinal0 [0x00DE3539+79161]
	Ordinal0 [0x00F7D607+1758727]
	GetHandleVerifier [0x01186546+1050150]
	GetHandleVerifier [0x01186291+1049457]
	GetHandleVerifier [0x011910D7+1094071]
	GetHandleVerifier [0x01186B46+1051686]
	Ordinal0 [0x00F75B06+1727238]
	Ordinal0 [0x00F7EB7B+1764219]
	Ordinal0 [0x00F7ECE3+1764579]
	Ordinal0 [0x00F94C05+1854469]
	BaseThreadInitThunk [0x76D21174+18]
	RtlInitializeExceptionChain [0x7701B3F5+99]
	RtlInitializeExceptionChain [0x7701B3C8+54]

	at sun.reflect.NativeConstructorAccessorImpl.newInstance0(Native Method)
	at sun.reflect.NativeConstructorAccessorImpl.newInstance(NativeConstructorAccessorImpl.java:62)
	at sun.reflect.DelegatingConstructorAccessorImpl.newInstance(DelegatingConstructorAccessorImpl.java:45)
	at java.lang.reflect.Constructor.newInstance(Constructor.java:423)
	at org.openqa.selenium.remote.W3CHandshakeResponse.lambda$new$0(W3CHandshakeResponse.java:57)
	at org.openqa.selenium.remote.W3CHandshakeResponse.lambda$getResponseFunction$2(W3CHandshakeResponse.java:104)
	at org.openqa.selenium.remote.ProtocolHandshake.lambda$createSession$0(ProtocolHandshake.java:123)
	at java.util.stream.ReferencePipeline$3$1.accept(ReferencePipeline.java:193)
	at java.util.Spliterators$ArraySpliterator.tryAdvance(Spliterators.java:958)
	at java.util.stream.ReferencePipeline.forEachWithCancel(ReferencePipeline.java:126)
	at java.util.stream.AbstractPipeline.copyIntoWithCancel(AbstractPipeline.java:499)
	at java.util.stream.AbstractPipeline.copyInto(AbstractPipeline.java:486)
	at java.util.stream.AbstractPipeline.wrapAndCopyInto(AbstractPipeline.java:472)
	at java.util.stream.FindOps$FindOp.evaluateSequential(FindOps.java:152)
	at java.util.stream.AbstractPipeline.evaluate(AbstractPipeline.java:234)
	at java.util.stream.ReferencePipeline.findFirst(ReferencePipeline.java:464)
	at org.openqa.selenium.remote.ProtocolHandshake.createSession(ProtocolHandshake.java:126)
	at org.openqa.selenium.remote.ProtocolHandshake.createSession(ProtocolHandshake.java:73)
	at org.openqa.selenium.remote.HttpCommandExecutor.execute(HttpCommandExecutor.java:136)
	at org.openqa.selenium.remote.service.DriverCommandExecutor.execute(DriverCommandExecutor.java:83)
	at org.openqa.selenium.remote.RemoteWebDriver.execute(RemoteWebDriver.java:545)
	at org.openqa.selenium.remote.RemoteWebDriver.startSession(RemoteWebDriver.java:209)
	at org.openqa.selenium.remote.RemoteWebDriver.&lt;init&gt;(RemoteWebDriver.java:132)
	at org.openqa.selenium.chrome.ChromeDriver.&lt;init&gt;(ChromeDriver.java:181)
	at org.openqa.selenium.chrome.ChromeDriver.&lt;init&gt;(ChromeDriver.java:168)
	at org.openqa.selenium.chrome.ChromeDriver.&lt;init&gt;(ChromeDriver.java:123)
	at generics.BaseTest.startBrowser(BaseTest.java:24)
	at sun.reflect.NativeMethodAccessorImpl.invoke0(Native Method)
	at sun.reflect.NativeMethodAccessorImpl.invoke(NativeMethodAccessorImpl.java:62)
	at sun.reflect.DelegatingMethodAccessorImpl.invoke(DelegatingMethodAccessorImpl.java:43)
	at java.lang.reflect.Method.invoke(Method.java:498)
	at org.testng.internal.MethodInvocationHelper.invokeMethod(MethodInvocationHelper.java:124)
	at org.testng.internal.MethodInvocationHelper.invokeMethodConsideringTimeout(MethodInvocationHelper.java:59)
	at org.testng.internal.Invoker.invokeConfigurationMethod(Invoker.java:458)
	at org.testng.internal.Invoker.invokeConfigurations(Invoker.java:222)
	at org.testng.internal.Invoker.invokeMethod(Invoker.java:523)
	at org.testng.internal.Invoker.invokeTestMethod(Invoker.java:719)
	at org.testng.internal.Invoker.invokeTestMethods(Invoker.java:989)
	at org.testng.internal.TestMethodWorker.invokeTestMethods(TestMethodWorker.java:125)
	at org.testng.internal.TestMethodWorker.run(TestMethodWorker.java:109)
	at org.testng.TestRunner.privateRun(TestRunner.java:648)
	at org.testng.TestRunner.run(TestRunner.java:505)
	at org.testng.SuiteRunner.runTest(SuiteRunner.java:455)
	at org.testng.SuiteRunner.runSequentially(SuiteRunner.java:450)
	at org.testng.SuiteRunner.privateRun(SuiteRunner.java:415)
	at org.testng.SuiteRunner.run(SuiteRunner.java:364)
	at org.testng.SuiteRunnerWorker.runSuite(SuiteRunnerWorker.java:52)
	at org.testng.SuiteRunnerWorker.run(SuiteRunnerWorker.java:84)
	at org.testng.TestNG.runSuitesSequentially(TestNG.java:1208)
	at org.testng.TestNG.runSuitesLocally(TestNG.java:1137)
	at org.testng.TestNG.runSuites(TestNG.java:1049)
	at org.testng.TestNG.run(TestNG.java:1017)
	at org.testng.remote.AbstractRemoteTestNG.run(AbstractRemoteTestNG.java:114)
	at org.testng.remote.RemoteTestNG.initAndRun(RemoteTestNG.java:251)
	at org.testng.remote.RemoteTestNG.main(RemoteTestNG.java:77)
</pre></div><a href='#' onClick='toggleBox("stack-trace24981125", this, "Click to show all stack frames", "Click to hide stack frames")'>Click to show all stack frames</a>
<div class='stack-trace' id='stack-trace24981125'><pre>org.openqa.selenium.SessionNotCreatedException: session not created
from disconnected: Unable to receive message from renderer
  (Session info: chrome=83.0.4103.116)
Build info: version: &apos;3.11.0&apos;, revision: &apos;e59cfb3&apos;, time: &apos;2018-03-11T20:33:15.31Z&apos;
System info: host: &apos;MANISH-PC&apos;, ip: &apos;192.168.43.35&apos;, os.name: &apos;Windows 7&apos;, os.arch: &apos;x86&apos;, os.version: &apos;6.1&apos;, java.version: &apos;1.8.0_221&apos;
Driver info: driver.version: ChromeDriver
remote stacktrace: Backtrace:
	Ordinal0 [0x01069563+2725219]
	Ordinal0 [0x00F68551+1672529]
	Ordinal0 [0x00E50359+525145]
	Ordinal0 [0x00E47AC7+490183]
	Ordinal0 [0x00E46EFE+487166]
	Ordinal0 [0x00E47135+487733]
	Ordinal0 [0x00E46B75+486261]
	Ordinal0 [0x00E4F055+520277]
	Ordinal0 [0x00E46B32+486194]
	Ordinal0 [0x00E47739+489273]
	Ordinal0 [0x00E46EFE+487166]
	Ordinal0 [0x00E47135+487733]
	Ordinal0 [0x00E46B75+486261]
	Ordinal0 [0x00E4D83E+514110]
	Ordinal0 [0x00E46B32+486194]
	Ordinal0 [0x00E47739+489273]
	Ordinal0 [0x00E46EFE+487166]
	Ordinal0 [0x00E47135+487733]
	Ordinal0 [0x00E46B75+486261]
	Ordinal0 [0x00E4BBF6+506870]
	Ordinal0 [0x00E46B32+486194]
	Ordinal0 [0x00E47739+489273]
	Ordinal0 [0x00E46EFE+487166]
	Ordinal0 [0x00E47135+487733]
	Ordinal0 [0x00E46B75+486261]
	Ordinal0 [0x00E4B1B7+504247]
	Ordinal0 [0x00E46B32+486194]
	Ordinal0 [0x00E47739+489273]
	Ordinal0 [0x00E46EFE+487166]
	Ordinal0 [0x00E47135+487733]
	Ordinal0 [0x00E46B75+486261]
	Ordinal0 [0x00E4337C+471932]
	Ordinal0 [0x00E46B32+486194]
	Ordinal0 [0x00E46A87+486023]
	Ordinal0 [0x00E50FF0+528368]
	Ordinal0 [0x00DFD6C9+186057]
	Ordinal0 [0x00DFCA3D+182845]
	Ordinal0 [0x00DFA94B+174411]
	Ordinal0 [0x00DE2528+75048]
	Ordinal0 [0x00DE35A0+79264]
	Ordinal0 [0x00DE3539+79161]
	Ordinal0 [0x00F7D607+1758727]
	GetHandleVerifier [0x01186546+1050150]
	GetHandleVerifier [0x01186291+1049457]
	GetHandleVerifier [0x011910D7+1094071]
	GetHandleVerifier [0x01186B46+1051686]
	Ordinal0 [0x00F75B06+1727238]
	Ordinal0 [0x00F7EB7B+1764219]
	Ordinal0 [0x00F7ECE3+1764579]
	Ordinal0 [0x00F94C05+1854469]
	BaseThreadInitThunk [0x76D21174+18]
	RtlInitializeExceptionChain [0x7701B3F5+99]
	RtlInitializeExceptionChain [0x7701B3C8+54]

	at sun.reflect.NativeConstructorAccessorImpl.newInstance0(Native Method)
	at sun.reflect.NativeConstructorAccessorImpl.newInstance(NativeConstructorAccessorImpl.java:62)
	at sun.reflect.DelegatingConstructorAccessorImpl.newInstance(DelegatingConstructorAccessorImpl.java:45)
	at java.lang.reflect.Constructor.newInstance(Constructor.java:423)
	at org.openqa.selenium.remote.W3CHandshakeResponse.lambda$new$0(W3CHandshakeResponse.java:57)
	at org.openqa.selenium.remote.W3CHandshakeResponse.lambda$getResponseFunction$2(W3CHandshakeResponse.java:104)
	at org.openqa.selenium.remote.ProtocolHandshake.lambda$createSession$0(ProtocolHandshake.java:123)
	at java.util.stream.ReferencePipeline$3$1.accept(ReferencePipeline.java:193)
	at java.util.Spliterators$ArraySpliterator.tryAdvance(Spliterators.java:958)
	at java.util.stream.ReferencePipeline.forEachWithCancel(ReferencePipeline.java:126)
	at java.util.stream.AbstractPipeline.copyIntoWithCancel(AbstractPipeline.java:499)
	at java.util.stream.AbstractPipeline.copyInto(AbstractPipeline.java:486)
	at java.util.stream.AbstractPipeline.wrapAndCopyInto(AbstractPipeline.java:472)
	at java.util.stream.FindOps$FindOp.evaluateSequential(FindOps.java:152)
	at java.util.stream.AbstractPipeline.evaluate(AbstractPipeline.java:234)
	at java.util.stream.ReferencePipeline.findFirst(ReferencePipeline.java:464)
	at org.openqa.selenium.remote.ProtocolHandshake.createSession(ProtocolHandshake.java:126)
	at org.openqa.selenium.remote.ProtocolHandshake.createSession(ProtocolHandshake.java:73)
	at org.openqa.selenium.remote.HttpCommandExecutor.execute(HttpCommandExecutor.java:136)
	at org.openqa.selenium.remote.service.DriverCommandExecutor.execute(DriverCommandExecutor.java:83)
	at org.openqa.selenium.remote.RemoteWebDriver.execute(RemoteWebDriver.java:545)
	at org.openqa.selenium.remote.RemoteWebDriver.startSession(RemoteWebDriver.java:209)
	at org.openqa.selenium.remote.RemoteWebDriver.&lt;init&gt;(RemoteWebDriver.java:132)
	at org.openqa.selenium.chrome.ChromeDriver.&lt;init&gt;(ChromeDriver.java:181)
	at org.openqa.selenium.chrome.ChromeDriver.&lt;init&gt;(ChromeDriver.java:168)
	at org.openqa.selenium.chrome.ChromeDriver.&lt;init&gt;(ChromeDriver.java:123)
	at generics.BaseTest.startBrowser(BaseTest.java:24)
	at sun.reflect.NativeMethodAccessorImpl.invoke0(Native Method)
	at sun.reflect.NativeMethodAccessorImpl.invoke(NativeMethodAccessorImpl.java:62)
	at sun.reflect.DelegatingMethodAccessorImpl.invoke(DelegatingMethodAccessorImpl.java:43)
	at java.lang.reflect.Method.invoke(Method.java:498)
	at org.testng.internal.MethodInvocationHelper.invokeMethod(MethodInvocationHelper.java:124)
	at org.testng.internal.MethodInvocationHelper.invokeMethodConsideringTimeout(MethodInvocationHelper.java:59)
	at org.testng.internal.Invoker.invokeConfigurationMethod(Invoker.java:458)
	at org.testng.internal.Invoker.invokeConfigurations(Invoker.java:222)
	at org.testng.internal.Invoker.invokeMethod(Invoker.java:523)
	at org.testng.internal.Invoker.invokeTestMethod(Invoker.java:719)
	at org.testng.internal.Invoker.invokeTestMethods(Invoker.java:989)
	at org.testng.internal.TestMethodWorker.invokeTestMethods(TestMethodWorker.java:125)
	at org.testng.internal.TestMethodWorker.run(TestMethodWorker.java:109)
	at org.testng.TestRunner.privateRun(TestRunner.java:648)
	at org.testng.TestRunner.run(TestRunner.java:505)
	at org.testng.SuiteRunner.runTest(SuiteRunner.java:455)
	at org.testng.SuiteRunner.runSequentially(SuiteRunner.java:450)
	at org.testng.SuiteRunner.privateRun(SuiteRunner.java:415)
	at org.testng.SuiteRunner.run(SuiteRunner.java:364)
	at org.testng.SuiteRunnerWorker.runSuite(SuiteRunnerWorker.java:52)
	at org.testng.SuiteRunnerWorker.run(SuiteRunnerWorker.java:84)
	at org.testng.TestNG.runSuitesSequentially(TestNG.java:1208)
	at org.testng.TestNG.runSuitesLocally(TestNG.java:1137)
	at org.testng.TestNG.runSuites(TestNG.java:1049)
	at org.testng.TestNG.run(TestNG.java:1017)
	at org.testng.remote.AbstractRemoteTestNG.run(AbstractRemoteTestNG.java:114)
	at org.testng.remote.RemoteTestNG.initAndRun(RemoteTestNG.java:251)
	at org.testng.remote.RemoteTestNG.main(RemoteTestNG.java:77)
</pre></div></td>
<td>17</td>
<td>test.TestActitime@b0bfab</td></tr>
</table><p>
<table width='100%' border='1' class='invocation-skipped'>
<tr><td colspan='4' align='center'><b>SKIPPED CONFIGURATIONS</b></td></tr>
<tr><td><b>Test method</b></td>
<td width="30%"><b>Exception</b></td>
<td width="10%"><b>Time (seconds)</b></td>
<td><b>Instance</b></td>
</tr>
<tr>
<td title='test.TestActitime.login()'><b>login</b><br>Test class: test.TestActitime</td>
<td></td>
<td>0</td>
<td>test.TestActitime@b0bfab</td></tr>
</table><p>
<table width='100%' border='1' class='invocation-passed'>
<tr><td colspan='4' align='center'><b>PASSED TESTS</b></td></tr>
<tr><td><b>Test method</b></td>
<td width="30%"><b>Exception</b></td>
<td width="10%"><b>Time (seconds)</b></td>
<td><b>Instance</b></td>
</tr>
<tr>
<td title='test.TestActitime.createWorkAptitime()'><b>createWorkAptitime</b><br>Test class: test.TestActitime</td>
<td></td>
<td>50</td>
<td>test.TestActitime@b0bfab</td></tr>
</table><p>
<table width='100%' border='1' class='invocation-skipped'>
<tr><td colspan='4' align='center'><b>SKIPPED TESTS</b></td></tr>
<tr><td><b>Test method</b></td>
<td width="30%"><b>Exception</b></td>
<td width="10%"><b>Time (seconds)</b></td>
<td><b>Instance</b></td>
</tr>
<tr>
<td title='test.TestActitime.editCustomer()'><b>editCustomer</b><br>Test class: test.TestActitime</td>
<td><div><pre>org.openqa.selenium.SessionNotCreatedException: session not created
from disconnected: Unable to receive message from renderer
  (Session info: chrome=83.0.4103.116)
Build info: version: &apos;3.11.0&apos;, revision: &apos;e59cfb3&apos;, time: &apos;2018-03-11T20:33:15.31Z&apos;
System info: host: &apos;MANISH-PC&apos;, ip: &apos;192.168.43.35&apos;, os.name: &apos;Windows 7&apos;, os.arch: &apos;x86&apos;, os.version: &apos;6.1&apos;, java.version: &apos;1.8.0_221&apos;
Driver info: driver.version: ChromeDriver
remote stacktrace: Backtrace:
	Ordinal0 [0x01069563+2725219]
	Ordinal0 [0x00F68551+1672529]
	Ordinal0 [0x00E50359+525145]
	Ordinal0 [0x00E47AC7+490183]
	Ordinal0 [0x00E46EFE+487166]
	Ordinal0 [0x00E47135+487733]
	Ordinal0 [0x00E46B75+486261]
	Ordinal0 [0x00E4F055+520277]
	Ordinal0 [0x00E46B32+486194]
	Ordinal0 [0x00E47739+489273]
	Ordinal0 [0x00E46EFE+487166]
	Ordinal0 [0x00E47135+487733]
	Ordinal0 [0x00E46B75+486261]
	Ordinal0 [0x00E4D83E+514110]
	Ordinal0 [0x00E46B32+486194]
	Ordinal0 [0x00E47739+489273]
	Ordinal0 [0x00E46EFE+487166]
	Ordinal0 [0x00E47135+487733]
	Ordinal0 [0x00E46B75+486261]
	Ordinal0 [0x00E4BBF6+506870]
	Ordinal0 [0x00E46B32+486194]
	Ordinal0 [0x00E47739+489273]
	Ordinal0 [0x00E46EFE+487166]
	Ordinal0 [0x00E47135+487733]
	Ordinal0 [0x00E46B75+486261]
	Ordinal0 [0x00E4B1B7+504247]
	Ordinal0 [0x00E46B32+486194]
	Ordinal0 [0x00E47739+489273]
	Ordinal0 [0x00E46EFE+487166]
	Ordinal0 [0x00E47135+487733]
	Ordinal0 [0x00E46B75+486261]
	Ordinal0 [0x00E4337C+471932]
	Ordinal0 [0x00E46B32+486194]
	Ordinal0 [0x00E46A87+486023]
	Ordinal0 [0x00E50FF0+528368]
	Ordinal0 [0x00DFD6C9+186057]
	Ordinal0 [0x00DFCA3D+182845]
	Ordinal0 [0x00DFA94B+174411]
	Ordinal0 [0x00DE2528+75048]
	Ordinal0 [0x00DE35A0+79264]
	Ordinal0 [0x00DE3539+79161]
	Ordinal0 [0x00F7D607+1758727]
	GetHandleVerifier [0x01186546+1050150]
	GetHandleVerifier [0x01186291+1049457]
	GetHandleVerifier [0x011910D7+1094071]
	GetHandleVerifier [0x01186B46+1051686]
	Ordinal0 [0x00F75B06+1727238]
	Ordinal0 [0x00F7EB7B+1764219]
	Ordinal0 [0x00F7ECE3+1764579]
	Ordinal0 [0x00F94C05+1854469]
	BaseThreadInitThunk [0x76D21174+18]
	RtlInitializeExceptionChain [0x7701B3F5+99]
	RtlInitializeExceptionChain [0x7701B3C8+54]

	at sun.reflect.NativeConstructorAccessorImpl.newInstance0(Native Method)
	at sun.reflect.NativeConstructorAccessorImpl.newInstance(NativeConstructorAccessorImpl.java:62)
	at sun.reflect.DelegatingConstructorAccessorImpl.newInstance(DelegatingConstructorAccessorImpl.java:45)
	at java.lang.reflect.Constructor.newInstance(Constructor.java:423)
	at org.openqa.selenium.remote.W3CHandshakeResponse.lambda$new$0(W3CHandshakeResponse.java:57)
	at org.openqa.selenium.remote.W3CHandshakeResponse.lambda$getResponseFunction$2(W3CHandshakeResponse.java:104)
	at org.openqa.selenium.remote.ProtocolHandshake.lambda$createSession$0(ProtocolHandshake.java:123)
	at java.util.stream.ReferencePipeline$3$1.accept(ReferencePipeline.java:193)
	at java.util.Spliterators$ArraySpliterator.tryAdvance(Spliterators.java:958)
	at java.util.stream.ReferencePipeline.forEachWithCancel(ReferencePipeline.java:126)
	at java.util.stream.AbstractPipeline.copyIntoWithCancel(AbstractPipeline.java:499)
	at java.util.stream.AbstractPipeline.copyInto(AbstractPipeline.java:486)
	at java.util.stream.AbstractPipeline.wrapAndCopyInto(AbstractPipeline.java:472)
	at java.util.stream.FindOps$FindOp.evaluateSequential(FindOps.java:152)
	at java.util.stream.AbstractPipeline.evaluate(AbstractPipeline.java:234)
	at java.util.stream.ReferencePipeline.findFirst(ReferencePipeline.java:464)
	at org.openqa.selenium.remote.ProtocolHandshake.createSession(ProtocolHandshake.java:126)
	at org.openqa.selenium.remote.ProtocolHandshake.createSession(ProtocolHandshake.java:73)
	at org.openqa.selenium.remote.HttpCommandExecutor.execute(HttpCommandExecutor.java:136)
	at org.openqa.selenium.remote.service.DriverCommandExecutor.execute(DriverCommandExecutor.java:83)
	at org.openqa.selenium.remote.RemoteWebDriver.execute(RemoteWebDriver.java:545)
	at org.openqa.selenium.remote.RemoteWebDriver.startSession(RemoteWebDriver.java:209)
	at org.openqa.selenium.remote.RemoteWebDriver.&lt;init&gt;(RemoteWebDriver.java:132)
	at org.openqa.selenium.chrome.ChromeDriver.&lt;init&gt;(ChromeDriver.java:181)
	at org.openqa.selenium.chrome.ChromeDriver.&lt;init&gt;(ChromeDriver.java:168)
	at org.openqa.selenium.chrome.ChromeDriver.&lt;init&gt;(ChromeDriver.java:123)
	at generics.BaseTest.startBrowser(BaseTest.java:24)
	at sun.reflect.NativeMethodAccessorImpl.invoke0(Native Method)
	at sun.reflect.NativeMethodAccessorImpl.invoke(NativeMethodAccessorImpl.java:62)
	at sun.reflect.DelegatingMethodAccessorImpl.invoke(DelegatingMethodAccessorImpl.java:43)
	at java.lang.reflect.Method.invoke(Method.java:498)
	at org.testng.internal.MethodInvocationHelper.invokeMethod(MethodInvocationHelper.java:124)
	at org.testng.internal.MethodInvocationHelper.invokeMethodConsideringTimeout(MethodInvocationHelper.java:59)
	at org.testng.internal.Invoker.invokeConfigurationMethod(Invoker.java:458)
	at org.testng.internal.Invoker.invokeConfigurations(Invoker.java:222)
	at org.testng.internal.Invoker.invokeMethod(Invoker.java:523)
	at org.testng.internal.Invoker.invokeTestMethod(Invoker.java:719)
	at org.testng.internal.Invoker.invokeTestMethods(Invoker.java:989)
	at org.testng.internal.TestMethodWorker.invokeTestMethods(TestMethodWorker.java:125)
	at org.testng.internal.TestMethodWorker.run(TestMethodWorker.java:109)
	at org.testng.TestRunner.privateRun(TestRunner.java:648)
	at org.testng.TestRunner.run(TestRunner.java:505)
	at org.testng.SuiteRunner.runTest(SuiteRunner.java:455)
	at org.testng.SuiteRunner.runSequentially(SuiteRunner.java:450)
	at org.testng.SuiteRunner.privateRun(SuiteRunner.java:415)
	at org.testng.SuiteRunner.run(SuiteRunner.java:364)
	at org.testng.SuiteRunnerWorker.runSuite(SuiteRunnerWorker.java:52)
	at org.testng.SuiteRunnerWorker.run(SuiteRunnerWorker.java:84)
	at org.testng.TestNG.runSuitesSequentially(TestNG.java:1208)
	at org.testng.TestNG.runSuitesLocally(TestNG.java:1137)
	at org.testng.TestNG.runSuites(TestNG.java:1049)
	at org.testng.TestNG.run(TestNG.java:1017)
	at org.testng.remote.AbstractRemoteTestNG.run(AbstractRemoteTestNG.java:114)
	at org.testng.remote.RemoteTestNG.initAndRun(RemoteTestNG.java:251)
	at org.testng.remote.RemoteTestNG.main(RemoteTestNG.java:77)
</pre></div><a href='#' onClick='toggleBox("stack-trace28495883", this, "Click to show all stack frames", "Click to hide stack frames")'>Click to show all stack frames</a>
<div class='stack-trace' id='stack-trace28495883'><pre>org.openqa.selenium.SessionNotCreatedException: session not created
from disconnected: Unable to receive message from renderer
  (Session info: chrome=83.0.4103.116)
Build info: version: &apos;3.11.0&apos;, revision: &apos;e59cfb3&apos;, time: &apos;2018-03-11T20:33:15.31Z&apos;
System info: host: &apos;MANISH-PC&apos;, ip: &apos;192.168.43.35&apos;, os.name: &apos;Windows 7&apos;, os.arch: &apos;x86&apos;, os.version: &apos;6.1&apos;, java.version: &apos;1.8.0_221&apos;
Driver info: driver.version: ChromeDriver
remote stacktrace: Backtrace:
	Ordinal0 [0x01069563+2725219]
	Ordinal0 [0x00F68551+1672529]
	Ordinal0 [0x00E50359+525145]
	Ordinal0 [0x00E47AC7+490183]
	Ordinal0 [0x00E46EFE+487166]
	Ordinal0 [0x00E47135+487733]
	Ordinal0 [0x00E46B75+486261]
	Ordinal0 [0x00E4F055+520277]
	Ordinal0 [0x00E46B32+486194]
	Ordinal0 [0x00E47739+489273]
	Ordinal0 [0x00E46EFE+487166]
	Ordinal0 [0x00E47135+487733]
	Ordinal0 [0x00E46B75+486261]
	Ordinal0 [0x00E4D83E+514110]
	Ordinal0 [0x00E46B32+486194]
	Ordinal0 [0x00E47739+489273]
	Ordinal0 [0x00E46EFE+487166]
	Ordinal0 [0x00E47135+487733]
	Ordinal0 [0x00E46B75+486261]
	Ordinal0 [0x00E4BBF6+506870]
	Ordinal0 [0x00E46B32+486194]
	Ordinal0 [0x00E47739+489273]
	Ordinal0 [0x00E46EFE+487166]
	Ordinal0 [0x00E47135+487733]
	Ordinal0 [0x00E46B75+486261]
	Ordinal0 [0x00E4B1B7+504247]
	Ordinal0 [0x00E46B32+486194]
	Ordinal0 [0x00E47739+489273]
	Ordinal0 [0x00E46EFE+487166]
	Ordinal0 [0x00E47135+487733]
	Ordinal0 [0x00E46B75+486261]
	Ordinal0 [0x00E4337C+471932]
	Ordinal0 [0x00E46B32+486194]
	Ordinal0 [0x00E46A87+486023]
	Ordinal0 [0x00E50FF0+528368]
	Ordinal0 [0x00DFD6C9+186057]
	Ordinal0 [0x00DFCA3D+182845]
	Ordinal0 [0x00DFA94B+174411]
	Ordinal0 [0x00DE2528+75048]
	Ordinal0 [0x00DE35A0+79264]
	Ordinal0 [0x00DE3539+79161]
	Ordinal0 [0x00F7D607+1758727]
	GetHandleVerifier [0x01186546+1050150]
	GetHandleVerifier [0x01186291+1049457]
	GetHandleVerifier [0x011910D7+1094071]
	GetHandleVerifier [0x01186B46+1051686]
	Ordinal0 [0x00F75B06+1727238]
	Ordinal0 [0x00F7EB7B+1764219]
	Ordinal0 [0x00F7ECE3+1764579]
	Ordinal0 [0x00F94C05+1854469]
	BaseThreadInitThunk [0x76D21174+18]
	RtlInitializeExceptionChain [0x7701B3F5+99]
	RtlInitializeExceptionChain [0x7701B3C8+54]

	at sun.reflect.NativeConstructorAccessorImpl.newInstance0(Native Method)
	at sun.reflect.NativeConstructorAccessorImpl.newInstance(NativeConstructorAccessorImpl.java:62)
	at sun.reflect.DelegatingConstructorAccessorImpl.newInstance(DelegatingConstructorAccessorImpl.java:45)
	at java.lang.reflect.Constructor.newInstance(Constructor.java:423)
	at org.openqa.selenium.remote.W3CHandshakeResponse.lambda$new$0(W3CHandshakeResponse.java:57)
	at org.openqa.selenium.remote.W3CHandshakeResponse.lambda$getResponseFunction$2(W3CHandshakeResponse.java:104)
	at org.openqa.selenium.remote.ProtocolHandshake.lambda$createSession$0(ProtocolHandshake.java:123)
	at java.util.stream.ReferencePipeline$3$1.accept(ReferencePipeline.java:193)
	at java.util.Spliterators$ArraySpliterator.tryAdvance(Spliterators.java:958)
	at java.util.stream.ReferencePipeline.forEachWithCancel(ReferencePipeline.java:126)
	at java.util.stream.AbstractPipeline.copyIntoWithCancel(AbstractPipeline.java:499)
	at java.util.stream.AbstractPipeline.copyInto(AbstractPipeline.java:486)
	at java.util.stream.AbstractPipeline.wrapAndCopyInto(AbstractPipeline.java:472)
	at java.util.stream.FindOps$FindOp.evaluateSequential(FindOps.java:152)
	at java.util.stream.AbstractPipeline.evaluate(AbstractPipeline.java:234)
	at java.util.stream.ReferencePipeline.findFirst(ReferencePipeline.java:464)
	at org.openqa.selenium.remote.ProtocolHandshake.createSession(ProtocolHandshake.java:126)
	at org.openqa.selenium.remote.ProtocolHandshake.createSession(ProtocolHandshake.java:73)
	at org.openqa.selenium.remote.HttpCommandExecutor.execute(HttpCommandExecutor.java:136)
	at org.openqa.selenium.remote.service.DriverCommandExecutor.execute(DriverCommandExecutor.java:83)
	at org.openqa.selenium.remote.RemoteWebDriver.execute(RemoteWebDriver.java:545)
	at org.openqa.selenium.remote.RemoteWebDriver.startSession(RemoteWebDriver.java:209)
	at org.openqa.selenium.remote.RemoteWebDriver.&lt;init&gt;(RemoteWebDriver.java:132)
	at org.openqa.selenium.chrome.ChromeDriver.&lt;init&gt;(ChromeDriver.java:181)
	at org.openqa.selenium.chrome.ChromeDriver.&lt;init&gt;(ChromeDriver.java:168)
	at org.openqa.selenium.chrome.ChromeDriver.&lt;init&gt;(ChromeDriver.java:123)
	at generics.BaseTest.startBrowser(BaseTest.java:24)
	at sun.reflect.NativeMethodAccessorImpl.invoke0(Native Method)
	at sun.reflect.NativeMethodAccessorImpl.invoke(NativeMethodAccessorImpl.java:62)
	at sun.reflect.DelegatingMethodAccessorImpl.invoke(DelegatingMethodAccessorImpl.java:43)
	at java.lang.reflect.Method.invoke(Method.java:498)
	at org.testng.internal.MethodInvocationHelper.invokeMethod(MethodInvocationHelper.java:124)
	at org.testng.internal.MethodInvocationHelper.invokeMethodConsideringTimeout(MethodInvocationHelper.java:59)
	at org.testng.internal.Invoker.invokeConfigurationMethod(Invoker.java:458)
	at org.testng.internal.Invoker.invokeConfigurations(Invoker.java:222)
	at org.testng.internal.Invoker.invokeMethod(Invoker.java:523)
	at org.testng.internal.Invoker.invokeTestMethod(Invoker.java:719)
	at org.testng.internal.Invoker.invokeTestMethods(Invoker.java:989)
	at org.testng.internal.TestMethodWorker.invokeTestMethods(TestMethodWorker.java:125)
	at org.testng.internal.TestMethodWorker.run(TestMethodWorker.java:109)
	at org.testng.TestRunner.privateRun(TestRunner.java:648)
	at org.testng.TestRunner.run(TestRunner.java:505)
	at org.testng.SuiteRunner.runTest(SuiteRunner.java:455)
	at org.testng.SuiteRunner.runSequentially(SuiteRunner.java:450)
	at org.testng.SuiteRunner.privateRun(SuiteRunner.java:415)
	at org.testng.SuiteRunner.run(SuiteRunner.java:364)
	at org.testng.SuiteRunnerWorker.runSuite(SuiteRunnerWorker.java:52)
	at org.testng.SuiteRunnerWorker.run(SuiteRunnerWorker.java:84)
	at org.testng.TestNG.runSuitesSequentially(TestNG.java:1208)
	at org.testng.TestNG.runSuitesLocally(TestNG.java:1137)
	at org.testng.TestNG.runSuites(TestNG.java:1049)
	at org.testng.TestNG.run(TestNG.java:1017)
	at org.testng.remote.AbstractRemoteTestNG.run(AbstractRemoteTestNG.java:114)
	at org.testng.remote.RemoteTestNG.initAndRun(RemoteTestNG.java:251)
	at org.testng.remote.RemoteTestNG.main(RemoteTestNG.java:77)
</pre></div></td>
<td>0</td>
<td>test.TestActitime@b0bfab</td></tr>
</table><p>
</body>
</html>