<?xml version="1.0" encoding="UTF-8"?>
<testng-results skipped="1" failed="0" ignored="0" total="2" passed="1">
  <reporter-output>
  </reporter-output>
  <suite name="Default suite" duration-ms="158057" started-at="2020-07-10T10:49:43Z" finished-at="2020-07-10T10:52:21Z">
    <groups>
    </groups>
    <test name="Default test" duration-ms="158057" started-at="2020-07-10T10:49:43Z" finished-at="2020-07-10T10:52:21Z">
      <class name="test.TestActitime">
        <test-method status="PASS" signature="startBrowser()[pri:0, instance:test.TestActitime@b0bfab]" name="startBrowser" is-config="true" duration-ms="72434" started-at="2020-07-10T10:49:43Z" finished-at="2020-07-10T10:50:56Z">
          <reporter-output>
          </reporter-output>
        </test-method> <!-- startBrowser -->
        <test-method status="PASS" signature="login()[pri:0, instance:test.TestActitime@b0bfab]" name="login" is-config="true" duration-ms="17462" started-at="2020-07-10T10:50:56Z" depends-on-methods="generics.BaseTest.startBrowser" finished-at="2020-07-10T10:51:13Z">
          <reporter-output>
          </reporter-output>
        </test-method> <!-- login -->
        <test-method status="PASS" signature="createWorkAptitime()[pri:0, instance:test.TestActitime@b0bfab]" name="createWorkAptitime" duration-ms="50155" started-at="2020-07-10T10:51:13Z" finished-at="2020-07-10T10:52:03Z">
          <reporter-output>
          </reporter-output>
        </test-method> <!-- createWorkAptitime -->
        <test-method status="FAIL" signature="startBrowser()[pri:0, instance:test.TestActitime@b0bfab]" name="startBrowser" is-config="true" duration-ms="17360" started-at="2020-07-10T10:52:03Z" finished-at="2020-07-10T10:52:21Z">
          <exception class="org.openqa.selenium.SessionNotCreatedException">
            <message>
              <![CDATA[session not created
from disconnected: Unable to receive message from renderer
  (Session info: chrome=83.0.4103.116)
Build info: version: '3.11.0', revision: 'e59cfb3', time: '2018-03-11T20:33:15.31Z'
System info: host: 'MANISH-PC', ip: '192.168.43.35', os.name: 'Windows 7', os.arch: 'x86', os.version: '6.1', java.version: '1.8.0_221'
Driver info: driver.version: ChromeDriver
remote stacktrace: Backtrace:
Ordinal0 [0x01069563+2725219]
Ordinal0 [0x00F68551+1672529]
Ordinal0 [0x00E50359+525145]
Ordinal0 [0x00E47AC7+490183]
Ordinal0 [0x00E46EFE+487166]
Ordinal0 [0x00E47135+487733]
Ordinal0 [0x00E46B75+486261]
Ordinal0 [0x00E4F055+520277]
Ordinal0 [0x00E46B32+486194]
Ordinal0 [0x00E47739+489273]
Ordinal0 [0x00E46EFE+487166]
Ordinal0 [0x00E47135+487733]
Ordinal0 [0x00E46B75+486261]
Ordinal0 [0x00E4D83E+514110]
Ordinal0 [0x00E46B32+486194]
Ordinal0 [0x00E47739+489273]
Ordinal0 [0x00E46EFE+487166]
Ordinal0 [0x00E47135+487733]
Ordinal0 [0x00E46B75+486261]
Ordinal0 [0x00E4BBF6+506870]
Ordinal0 [0x00E46B32+486194]
Ordinal0 [0x00E47739+489273]
Ordinal0 [0x00E46EFE+487166]
Ordinal0 [0x00E47135+487733]
Ordinal0 [0x00E46B75+486261]
Ordinal0 [0x00E4B1B7+504247]
Ordinal0 [0x00E46B32+486194]
Ordinal0 [0x00E47739+489273]
Ordinal0 [0x00E46EFE+487166]
Ordinal0 [0x00E47135+487733]
Ordinal0 [0x00E46B75+486261]
Ordinal0 [0x00E4337C+471932]
Ordinal0 [0x00E46B32+486194]
Ordinal0 [0x00E46A87+486023]
Ordinal0 [0x00E50FF0+528368]
Ordinal0 [0x00DFD6C9+186057]
Ordinal0 [0x00DFCA3D+182845]
Ordinal0 [0x00DFA94B+174411]
Ordinal0 [0x00DE2528+75048]
Ordinal0 [0x00DE35A0+79264]
Ordinal0 [0x00DE3539+79161]
Ordinal0 [0x00F7D607+1758727]
GetHandleVerifier [0x01186546+1050150]
GetHandleVerifier [0x01186291+1049457]
GetHandleVerifier [0x011910D7+1094071]
GetHandleVerifier [0x01186B46+1051686]
Ordinal0 [0x00F75B06+1727238]
Ordinal0 [0x00F7EB7B+1764219]
Ordinal0 [0x00F7ECE3+1764579]
Ordinal0 [0x00F94C05+1854469]
BaseThreadInitThunk [0x76D21174+18]
RtlInitializeExceptionChain [0x7701B3F5+99]
RtlInitializeExceptionChain [0x7701B3C8+54]
]]>
            </message>
            <full-stacktrace>
              <![CDATA[org.openqa.selenium.SessionNotCreatedException: session not created
from disconnected: Unable to receive message from renderer
  (Session info: chrome=83.0.4103.116)
Build info: version: '3.11.0', revision: 'e59cfb3', time: '2018-03-11T20:33:15.31Z'
System info: host: 'MANISH-PC', ip: '192.168.43.35', os.name: 'Windows 7', os.arch: 'x86', os.version: '6.1', java.version: '1.8.0_221'
Driver info: driver.version: ChromeDriver
remote stacktrace: Backtrace:
Ordinal0 [0x01069563+2725219]
Ordinal0 [0x00F68551+1672529]
Ordinal0 [0x00E50359+525145]
Ordinal0 [0x00E47AC7+490183]
Ordinal0 [0x00E46EFE+487166]
Ordinal0 [0x00E47135+487733]
Ordinal0 [0x00E46B75+486261]
Ordinal0 [0x00E4F055+520277]
Ordinal0 [0x00E46B32+486194]
Ordinal0 [0x00E47739+489273]
Ordinal0 [0x00E46EFE+487166]
Ordinal0 [0x00E47135+487733]
Ordinal0 [0x00E46B75+486261]
Ordinal0 [0x00E4D83E+514110]
Ordinal0 [0x00E46B32+486194]
Ordinal0 [0x00E47739+489273]
Ordinal0 [0x00E46EFE+487166]
Ordinal0 [0x00E47135+487733]
Ordinal0 [0x00E46B75+486261]
Ordinal0 [0x00E4BBF6+506870]
Ordinal0 [0x00E46B32+486194]
Ordinal0 [0x00E47739+489273]
Ordinal0 [0x00E46EFE+487166]
Ordinal0 [0x00E47135+487733]
Ordinal0 [0x00E46B75+486261]
Ordinal0 [0x00E4B1B7+504247]
Ordinal0 [0x00E46B32+486194]
Ordinal0 [0x00E47739+489273]
Ordinal0 [0x00E46EFE+487166]
Ordinal0 [0x00E47135+487733]
Ordinal0 [0x00E46B75+486261]
Ordinal0 [0x00E4337C+471932]
Ordinal0 [0x00E46B32+486194]
Ordinal0 [0x00E46A87+486023]
Ordinal0 [0x00E50FF0+528368]
Ordinal0 [0x00DFD6C9+186057]
Ordinal0 [0x00DFCA3D+182845]
Ordinal0 [0x00DFA94B+174411]
Ordinal0 [0x00DE2528+75048]
Ordinal0 [0x00DE35A0+79264]
Ordinal0 [0x00DE3539+79161]
Ordinal0 [0x00F7D607+1758727]
GetHandleVerifier [0x01186546+1050150]
GetHandleVerifier [0x01186291+1049457]
GetHandleVerifier [0x011910D7+1094071]
GetHandleVerifier [0x01186B46+1051686]
Ordinal0 [0x00F75B06+1727238]
Ordinal0 [0x00F7EB7B+1764219]
Ordinal0 [0x00F7ECE3+1764579]
Ordinal0 [0x00F94C05+1854469]
BaseThreadInitThunk [0x76D21174+18]
RtlInitializeExceptionChain [0x7701B3F5+99]
RtlInitializeExceptionChain [0x7701B3C8+54]

at sun.reflect.NativeConstructorAccessorImpl.newInstance0(Native Method)
at sun.reflect.NativeConstructorAccessorImpl.newInstance(NativeConstructorAccessorImpl.java:62)
at sun.reflect.DelegatingConstructorAccessorImpl.newInstance(DelegatingConstructorAccessorImpl.java:45)
at java.lang.reflect.Constructor.newInstance(Constructor.java:423)
at org.openqa.selenium.remote.W3CHandshakeResponse.lambda$new$0(W3CHandshakeResponse.java:57)
at org.openqa.selenium.remote.W3CHandshakeResponse.lambda$getResponseFunction$2(W3CHandshakeResponse.java:104)
at org.openqa.selenium.remote.ProtocolHandshake.lambda$createSession$0(ProtocolHandshake.java:123)
at java.util.stream.ReferencePipeline$3$1.accept(ReferencePipeline.java:193)
at java.util.Spliterators$ArraySpliterator.tryAdvance(Spliterators.java:958)
at java.util.stream.ReferencePipeline.forEachWithCancel(ReferencePipeline.java:126)
at java.util.stream.AbstractPipeline.copyIntoWithCancel(AbstractPipeline.java:499)
at java.util.stream.AbstractPipeline.copyInto(AbstractPipeline.java:486)
at java.util.stream.AbstractPipeline.wrapAndCopyInto(AbstractPipeline.java:472)
at java.util.stream.FindOps$FindOp.evaluateSequential(FindOps.java:152)
at java.util.stream.AbstractPipeline.evaluate(AbstractPipeline.java:234)
at java.util.stream.ReferencePipeline.findFirst(ReferencePipeline.java:464)
at org.openqa.selenium.remote.ProtocolHandshake.createSession(ProtocolHandshake.java:126)
at org.openqa.selenium.remote.ProtocolHandshake.createSession(ProtocolHandshake.java:73)
at org.openqa.selenium.remote.HttpCommandExecutor.execute(HttpCommandExecutor.java:136)
at org.openqa.selenium.remote.service.DriverCommandExecutor.execute(DriverCommandExecutor.java:83)
at org.openqa.selenium.remote.RemoteWebDriver.execute(RemoteWebDriver.java:545)
at org.openqa.selenium.remote.RemoteWebDriver.startSession(RemoteWebDriver.java:209)
at org.openqa.selenium.remote.RemoteWebDriver.<init>(RemoteWebDriver.java:132)
at org.openqa.selenium.chrome.ChromeDriver.<init>(ChromeDriver.java:181)
at org.openqa.selenium.chrome.ChromeDriver.<init>(ChromeDriver.java:168)
at org.openqa.selenium.chrome.ChromeDriver.<init>(ChromeDriver.java:123)
at generics.BaseTest.startBrowser(BaseTest.java:24)
at sun.reflect.NativeMethodAccessorImpl.invoke0(Native Method)
at sun.reflect.NativeMethodAccessorImpl.invoke(NativeMethodAccessorImpl.java:62)
at sun.reflect.DelegatingMethodAccessorImpl.invoke(DelegatingMethodAccessorImpl.java:43)
at java.lang.reflect.Method.invoke(Method.java:498)
at org.testng.internal.MethodInvocationHelper.invokeMethod(MethodInvocationHelper.java:124)
at org.testng.internal.MethodInvocationHelper.invokeMethodConsideringTimeout(MethodInvocationHelper.java:59)
at org.testng.internal.Invoker.invokeConfigurationMethod(Invoker.java:458)
at org.testng.internal.Invoker.invokeConfigurations(Invoker.java:222)
at org.testng.internal.Invoker.invokeMethod(Invoker.java:523)
at org.testng.internal.Invoker.invokeTestMethod(Invoker.java:719)
at org.testng.internal.Invoker.invokeTestMethods(Invoker.java:989)
at org.testng.internal.TestMethodWorker.invokeTestMethods(TestMethodWorker.java:125)
at org.testng.internal.TestMethodWorker.run(TestMethodWorker.java:109)
at org.testng.TestRunner.privateRun(TestRunner.java:648)
at org.testng.TestRunner.run(TestRunner.java:505)
at org.testng.SuiteRunner.runTest(SuiteRunner.java:455)
at org.testng.SuiteRunner.runSequentially(SuiteRunner.java:450)
at org.testng.SuiteRunner.privateRun(SuiteRunner.java:415)
at org.testng.SuiteRunner.run(SuiteRunner.java:364)
at org.testng.SuiteRunnerWorker.runSuite(SuiteRunnerWorker.java:52)
at org.testng.SuiteRunnerWorker.run(SuiteRunnerWorker.java:84)
at org.testng.TestNG.runSuitesSequentially(TestNG.java:1208)
at org.testng.TestNG.runSuitesLocally(TestNG.java:1137)
at org.testng.TestNG.runSuites(TestNG.java:1049)
at org.testng.TestNG.run(TestNG.java:1017)
at org.testng.remote.AbstractRemoteTestNG.run(AbstractRemoteTestNG.java:114)
at org.testng.remote.RemoteTestNG.initAndRun(RemoteTestNG.java:251)
at org.testng.remote.RemoteTestNG.main(RemoteTestNG.java:77)
]]>
            </full-stacktrace>
          </exception> <!-- org.openqa.selenium.SessionNotCreatedException -->
          <reporter-output>
          </reporter-output>
        </test-method> <!-- startBrowser -->
        <test-method status="SKIP" signature="login()[pri:0, instance:test.TestActitime@b0bfab]" name="login" is-config="true" duration-ms="0" started-at="2020-07-10T10:52:21Z" depends-on-methods="generics.BaseTest.startBrowser" finished-at="2020-07-10T10:52:21Z">
          <reporter-output>
          </reporter-output>
        </test-method> <!-- login -->
        <test-method status="SKIP" signature="editCustomer()[pri:0, instance:test.TestActitime@b0bfab]" name="editCustomer" duration-ms="0" started-at="2020-07-10T10:52:21Z" finished-at="2020-07-10T10:52:21Z">
          <exception class="org.openqa.selenium.SessionNotCreatedException">
            <message>
              <![CDATA[session not created
from disconnected: Unable to receive message from renderer
  (Session info: chrome=83.0.4103.116)
Build info: version: '3.11.0', revision: 'e59cfb3', time: '2018-03-11T20:33:15.31Z'
System info: host: 'MANISH-PC', ip: '192.168.43.35', os.name: 'Windows 7', os.arch: 'x86', os.version: '6.1', java.version: '1.8.0_221'
Driver info: driver.version: ChromeDriver
remote stacktrace: Backtrace:
Ordinal0 [0x01069563+2725219]
Ordinal0 [0x00F68551+1672529]
Ordinal0 [0x00E50359+525145]
Ordinal0 [0x00E47AC7+490183]
Ordinal0 [0x00E46EFE+487166]
Ordinal0 [0x00E47135+487733]
Ordinal0 [0x00E46B75+486261]
Ordinal0 [0x00E4F055+520277]
Ordinal0 [0x00E46B32+486194]
Ordinal0 [0x00E47739+489273]
Ordinal0 [0x00E46EFE+487166]
Ordinal0 [0x00E47135+487733]
Ordinal0 [0x00E46B75+486261]
Ordinal0 [0x00E4D83E+514110]
Ordinal0 [0x00E46B32+486194]
Ordinal0 [0x00E47739+489273]
Ordinal0 [0x00E46EFE+487166]
Ordinal0 [0x00E47135+487733]
Ordinal0 [0x00E46B75+486261]
Ordinal0 [0x00E4BBF6+506870]
Ordinal0 [0x00E46B32+486194]
Ordinal0 [0x00E47739+489273]
Ordinal0 [0x00E46EFE+487166]
Ordinal0 [0x00E47135+487733]
Ordinal0 [0x00E46B75+486261]
Ordinal0 [0x00E4B1B7+504247]
Ordinal0 [0x00E46B32+486194]
Ordinal0 [0x00E47739+489273]
Ordinal0 [0x00E46EFE+487166]
Ordinal0 [0x00E47135+487733]
Ordinal0 [0x00E46B75+486261]
Ordinal0 [0x00E4337C+471932]
Ordinal0 [0x00E46B32+486194]
Ordinal0 [0x00E46A87+486023]
Ordinal0 [0x00E50FF0+528368]
Ordinal0 [0x00DFD6C9+186057]
Ordinal0 [0x00DFCA3D+182845]
Ordinal0 [0x00DFA94B+174411]
Ordinal0 [0x00DE2528+75048]
Ordinal0 [0x00DE35A0+79264]
Ordinal0 [0x00DE3539+79161]
Ordinal0 [0x00F7D607+1758727]
GetHandleVerifier [0x01186546+1050150]
GetHandleVerifier [0x01186291+1049457]
GetHandleVerifier [0x011910D7+1094071]
GetHandleVerifier [0x01186B46+1051686]
Ordinal0 [0x00F75B06+1727238]
Ordinal0 [0x00F7EB7B+1764219]
Ordinal0 [0x00F7ECE3+1764579]
Ordinal0 [0x00F94C05+1854469]
BaseThreadInitThunk [0x76D21174+18]
RtlInitializeExceptionChain [0x7701B3F5+99]
RtlInitializeExceptionChain [0x7701B3C8+54]
]]>
            </message>
            <full-stacktrace>
              <![CDATA[org.openqa.selenium.SessionNotCreatedException: session not created
from disconnected: Unable to receive message from renderer
  (Session info: chrome=83.0.4103.116)
Build info: version: '3.11.0', revision: 'e59cfb3', time: '2018-03-11T20:33:15.31Z'
System info: host: 'MANISH-PC', ip: '192.168.43.35', os.name: 'Windows 7', os.arch: 'x86', os.version: '6.1', java.version: '1.8.0_221'
Driver info: driver.version: ChromeDriver
remote stacktrace: Backtrace:
Ordinal0 [0x01069563+2725219]
Ordinal0 [0x00F68551+1672529]
Ordinal0 [0x00E50359+525145]
Ordinal0 [0x00E47AC7+490183]
Ordinal0 [0x00E46EFE+487166]
Ordinal0 [0x00E47135+487733]
Ordinal0 [0x00E46B75+486261]
Ordinal0 [0x00E4F055+520277]
Ordinal0 [0x00E46B32+486194]
Ordinal0 [0x00E47739+489273]
Ordinal0 [0x00E46EFE+487166]
Ordinal0 [0x00E47135+487733]
Ordinal0 [0x00E46B75+486261]
Ordinal0 [0x00E4D83E+514110]
Ordinal0 [0x00E46B32+486194]
Ordinal0 [0x00E47739+489273]
Ordinal0 [0x00E46EFE+487166]
Ordinal0 [0x00E47135+487733]
Ordinal0 [0x00E46B75+486261]
Ordinal0 [0x00E4BBF6+506870]
Ordinal0 [0x00E46B32+486194]
Ordinal0 [0x00E47739+489273]
Ordinal0 [0x00E46EFE+487166]
Ordinal0 [0x00E47135+487733]
Ordinal0 [0x00E46B75+486261]
Ordinal0 [0x00E4B1B7+504247]
Ordinal0 [0x00E46B32+486194]
Ordinal0 [0x00E47739+489273]
Ordinal0 [0x00E46EFE+487166]
Ordinal0 [0x00E47135+487733]
Ordinal0 [0x00E46B75+486261]
Ordinal0 [0x00E4337C+471932]
Ordinal0 [0x00E46B32+486194]
Ordinal0 [0x00E46A87+486023]
Ordinal0 [0x00E50FF0+528368]
Ordinal0 [0x00DFD6C9+186057]
Ordinal0 [0x00DFCA3D+182845]
Ordinal0 [0x00DFA94B+174411]
Ordinal0 [0x00DE2528+75048]
Ordinal0 [0x00DE35A0+79264]
Ordinal0 [0x00DE3539+79161]
Ordinal0 [0x00F7D607+1758727]
GetHandleVerifier [0x01186546+1050150]
GetHandleVerifier [0x01186291+1049457]
GetHandleVerifier [0x011910D7+1094071]
GetHandleVerifier [0x01186B46+1051686]
Ordinal0 [0x00F75B06+1727238]
Ordinal0 [0x00F7EB7B+1764219]
Ordinal0 [0x00F7ECE3+1764579]
Ordinal0 [0x00F94C05+1854469]
BaseThreadInitThunk [0x76D21174+18]
RtlInitializeExceptionChain [0x7701B3F5+99]
RtlInitializeExceptionChain [0x7701B3C8+54]

at sun.reflect.NativeConstructorAccessorImpl.newInstance0(Native Method)
at sun.reflect.NativeConstructorAccessorImpl.newInstance(NativeConstructorAccessorImpl.java:62)
at sun.reflect.DelegatingConstructorAccessorImpl.newInstance(DelegatingConstructorAccessorImpl.java:45)
at java.lang.reflect.Constructor.newInstance(Constructor.java:423)
at org.openqa.selenium.remote.W3CHandshakeResponse.lambda$new$0(W3CHandshakeResponse.java:57)
at org.openqa.selenium.remote.W3CHandshakeResponse.lambda$getResponseFunction$2(W3CHandshakeResponse.java:104)
at org.openqa.selenium.remote.ProtocolHandshake.lambda$createSession$0(ProtocolHandshake.java:123)
at java.util.stream.ReferencePipeline$3$1.accept(ReferencePipeline.java:193)
at java.util.Spliterators$ArraySpliterator.tryAdvance(Spliterators.java:958)
at java.util.stream.ReferencePipeline.forEachWithCancel(ReferencePipeline.java:126)
at java.util.stream.AbstractPipeline.copyIntoWithCancel(AbstractPipeline.java:499)
at java.util.stream.AbstractPipeline.copyInto(AbstractPipeline.java:486)
at java.util.stream.AbstractPipeline.wrapAndCopyInto(AbstractPipeline.java:472)
at java.util.stream.FindOps$FindOp.evaluateSequential(FindOps.java:152)
at java.util.stream.AbstractPipeline.evaluate(AbstractPipeline.java:234)
at java.util.stream.ReferencePipeline.findFirst(ReferencePipeline.java:464)
at org.openqa.selenium.remote.ProtocolHandshake.createSession(ProtocolHandshake.java:126)
at org.openqa.selenium.remote.ProtocolHandshake.createSession(ProtocolHandshake.java:73)
at org.openqa.selenium.remote.HttpCommandExecutor.execute(HttpCommandExecutor.java:136)
at org.openqa.selenium.remote.service.DriverCommandExecutor.execute(DriverCommandExecutor.java:83)
at org.openqa.selenium.remote.RemoteWebDriver.execute(RemoteWebDriver.java:545)
at org.openqa.selenium.remote.RemoteWebDriver.startSession(RemoteWebDriver.java:209)
at org.openqa.selenium.remote.RemoteWebDriver.<init>(RemoteWebDriver.java:132)
at org.openqa.selenium.chrome.ChromeDriver.<init>(ChromeDriver.java:181)
at org.openqa.selenium.chrome.ChromeDriver.<init>(ChromeDriver.java:168)
at org.openqa.selenium.chrome.ChromeDriver.<init>(ChromeDriver.java:123)
at generics.BaseTest.startBrowser(BaseTest.java:24)
at sun.reflect.NativeMethodAccessorImpl.invoke0(Native Method)
at sun.reflect.NativeMethodAccessorImpl.invoke(NativeMethodAccessorImpl.java:62)
at sun.reflect.DelegatingMethodAccessorImpl.invoke(DelegatingMethodAccessorImpl.java:43)
at java.lang.reflect.Method.invoke(Method.java:498)
at org.testng.internal.MethodInvocationHelper.invokeMethod(MethodInvocationHelper.java:124)
at org.testng.internal.MethodInvocationHelper.invokeMethodConsideringTimeout(MethodInvocationHelper.java:59)
at org.testng.internal.Invoker.invokeConfigurationMethod(Invoker.java:458)
at org.testng.internal.Invoker.invokeConfigurations(Invoker.java:222)
at org.testng.internal.Invoker.invokeMethod(Invoker.java:523)
at org.testng.internal.Invoker.invokeTestMethod(Invoker.java:719)
at org.testng.internal.Invoker.invokeTestMethods(Invoker.java:989)
at org.testng.internal.TestMethodWorker.invokeTestMethods(TestMethodWorker.java:125)
at org.testng.internal.TestMethodWorker.run(TestMethodWorker.java:109)
at org.testng.TestRunner.privateRun(TestRunner.java:648)
at org.testng.TestRunner.run(TestRunner.java:505)
at org.testng.SuiteRunner.runTest(SuiteRunner.java:455)
at org.testng.SuiteRunner.runSequentially(SuiteRunner.java:450)
at org.testng.SuiteRunner.privateRun(SuiteRunner.java:415)
at org.testng.SuiteRunner.run(SuiteRunner.java:364)
at org.testng.SuiteRunnerWorker.runSuite(SuiteRunnerWorker.java:52)
at org.testng.SuiteRunnerWorker.run(SuiteRunnerWorker.java:84)
at org.testng.TestNG.runSuitesSequentially(TestNG.java:1208)
at org.testng.TestNG.runSuitesLocally(TestNG.java:1137)
at org.testng.TestNG.runSuites(TestNG.java:1049)
at org.testng.TestNG.run(TestNG.java:1017)
at org.testng.remote.AbstractRemoteTestNG.run(AbstractRemoteTestNG.java:114)
at org.testng.remote.RemoteTestNG.initAndRun(RemoteTestNG.java:251)
at org.testng.remote.RemoteTestNG.main(RemoteTestNG.java:77)
]]>
            </full-stacktrace>
          </exception> <!-- org.openqa.selenium.SessionNotCreatedException -->
          <reporter-output>
          </reporter-output>
        </test-method> <!-- editCustomer -->
      </class> <!-- test.TestActitime -->
    </test> <!-- Default test -->
  </suite> <!-- Default suite -->
</testng-results>
